<?xml version="1.0" encoding="UTF-8"?>
<!-- Generated by org.testng.reporters.JUnitReportReporter -->
<testsuite skipped="0" hostname="DESKTOP-UT6SEQC" name="guruproject2.testng3" tests="1" failures="0" timestamp="2020-02-07T12:49:51 AEDT" time="23.572" errors="0">
  <testcase name="test" time="23.572" classname="guruproject2.testng3"/>
</testsuite> <!-- guruproject2.testng3 -->
