<?xml version="1.0" encoding="UTF-8"?>
<!-- Generated by org.testng.reporters.JUnitReportReporter -->
<testsuite skipped="0" hostname="DESKTOP-UT6SEQC" name="testng1" tests="1" failures="0" timestamp="2020-02-06T13:30:43 AEDT" time="40.051" errors="0">
  <testcase name="f" time="40.051" classname="testng1"/>
</testsuite> <!-- testng1 -->
